2021-03-19T09:13:18+00:00 CRITICAL Uncaught ArgumentCountError: get_headers() expects at least 1 argument, 0 given in /opt/lampp/htdocs/informatique/wp-content/themes/workshopthemes/index.php:2
Stack trace:
#0 /opt/lampp/htdocs/informatique/wp-content/themes/workshopthemes/index.php(2): get_headers()
#1 /opt/lampp/htdocs/informatique/wp-includes/template-loader.php(106): include('/opt/lampp/htdo...')
#2 /opt/lampp/htdocs/informatique/wp-blog-header.php(19): require_once('/opt/lampp/htdo...')
#3 /opt/lampp/htdocs/informatique/index.php(17): require('/opt/lampp/htdo...')
#4 {main}
  thrown in /opt/lampp/htdocs/informatique/wp-content/themes/workshopthemes/index.php on line 2

2021-03-19T09:13:42+00:00 CRITICAL Uncaught ArgumentCountError: get_headers() expects at least 1 argument, 0 given in /opt/lampp/htdocs/informatique/wp-content/themes/workshopthemes/index.php:2
Stack trace:
#0 /opt/lampp/htdocs/informatique/wp-content/themes/workshopthemes/index.php(2): get_headers()
#1 /opt/lampp/htdocs/informatique/wp-includes/template-loader.php(106): include('/opt/lampp/htdo...')
#2 /opt/lampp/htdocs/informatique/wp-blog-header.php(19): require_once('/opt/lampp/htdo...')
#3 /opt/lampp/htdocs/informatique/index.php(17): require('/opt/lampp/htdo...')
#4 {main}
  thrown in /opt/lampp/htdocs/informatique/wp-content/themes/workshopthemes/index.php on line 2

2021-03-19T09:13:52+00:00 CRITICAL Uncaught ArgumentCountError: get_headers() expects at least 1 argument, 0 given in /opt/lampp/htdocs/informatique/wp-content/themes/workshopthemes/index.php:2
Stack trace:
#0 /opt/lampp/htdocs/informatique/wp-content/themes/workshopthemes/index.php(2): get_headers()
#1 /opt/lampp/htdocs/informatique/wp-includes/template-loader.php(106): include('/opt/lampp/htdo...')
#2 /opt/lampp/htdocs/informatique/wp-blog-header.php(19): require_once('/opt/lampp/htdo...')
#3 /opt/lampp/htdocs/informatique/index.php(17): require('/opt/lampp/htdo...')
#4 {main}
  thrown in /opt/lampp/htdocs/informatique/wp-content/themes/workshopthemes/index.php on line 2

2021-03-19T09:15:21+00:00 CRITICAL Uncaught ArgumentCountError: get_headers() expects at least 1 argument, 0 given in /opt/lampp/htdocs/informatique/wp-content/themes/workshopthemes/index.php:2
Stack trace:
#0 /opt/lampp/htdocs/informatique/wp-content/themes/workshopthemes/index.php(2): get_headers()
#1 /opt/lampp/htdocs/informatique/wp-includes/template-loader.php(106): include('/opt/lampp/htdo...')
#2 /opt/lampp/htdocs/informatique/wp-blog-header.php(19): require_once('/opt/lampp/htdo...')
#3 /opt/lampp/htdocs/informatique/index.php(17): require('/opt/lampp/htdo...')
#4 {main}
  thrown in /opt/lampp/htdocs/informatique/wp-content/themes/workshopthemes/index.php on line 2

2021-03-19T09:15:36+00:00 CRITICAL Uncaught ArgumentCountError: get_headers() expects at least 1 argument, 0 given in /opt/lampp/htdocs/informatique/wp-content/themes/workshopthemes/index.php:2
Stack trace:
#0 /opt/lampp/htdocs/informatique/wp-content/themes/workshopthemes/index.php(2): get_headers()
#1 /opt/lampp/htdocs/informatique/wp-includes/template-loader.php(106): include('/opt/lampp/htdo...')
#2 /opt/lampp/htdocs/informatique/wp-blog-header.php(19): require_once('/opt/lampp/htdo...')
#3 /opt/lampp/htdocs/informatique/index.php(17): require('/opt/lampp/htdo...')
#4 {main}
  thrown in /opt/lampp/htdocs/informatique/wp-content/themes/workshopthemes/index.php on line 2

